mode: atomic
github.com/khulnasoft/kengine/v2/internal/ranges.go:5.35,14.2 1 0
github.com/khulnasoft/kengine/v2/internal/sockets.go:34.97,37.25 2 0
github.com/khulnasoft/kengine/v2/internal/sockets.go:37.25,40.17 2 0
github.com/khulnasoft/kengine/v2/internal/sockets.go:40.17,42.4 1 0
github.com/khulnasoft/kengine/v2/internal/sockets.go:43.3,46.42 2 0
github.com/khulnasoft/kengine/v2/internal/sockets.go:46.42,48.4 1 0
github.com/khulnasoft/kengine/v2/internal/sockets.go:50.3,50.37 1 0
github.com/khulnasoft/kengine/v2/internal/sockets.go:55.2,55.25 1 0
github.com/khulnasoft/kengine/v2/notify/notify_linux.go:29.37,30.22 1 0
github.com/khulnasoft/kengine/v2/notify/notify_linux.go:30.22,32.3 1 0
github.com/khulnasoft/kengine/v2/notify/notify_linux.go:34.2,40.16 3 0
github.com/khulnasoft/kengine/v2/notify/notify_linux.go:40.16,42.3 1 0
github.com/khulnasoft/kengine/v2/notify/notify_linux.go:43.2,46.12 3 0
github.com/khulnasoft/kengine/v2/notify/notify_linux.go:51.20,53.2 1 0
github.com/khulnasoft/kengine/v2/notify/notify_linux.go:56.24,58.2 1 0
github.com/khulnasoft/kengine/v2/notify/notify_linux.go:61.23,63.2 1 0
github.com/khulnasoft/kengine/v2/notify/notify_linux.go:66.31,68.2 1 0
github.com/khulnasoft/kengine/v2/notify/notify_linux.go:72.40,75.15 3 0
github.com/khulnasoft/kengine/v2/notify/notify_linux.go:75.15,77.3 1 0
github.com/khulnasoft/kengine/v2/notify/notify_linux.go:78.2,78.22 1 0
github.com/khulnasoft/kengine/v2/internal/filesystems/map.go:29.46,30.13 1 0
github.com/khulnasoft/kengine/v2/internal/filesystems/map.go:30.13,32.3 1 0
github.com/khulnasoft/kengine/v2/internal/filesystems/map.go:33.2,33.10 1 0
github.com/khulnasoft/kengine/v2/internal/filesystems/map.go:38.53,40.14 2 0
github.com/khulnasoft/kengine/v2/internal/filesystems/map.go:40.14,43.3 2 0
github.com/khulnasoft/kengine/v2/internal/filesystems/map.go:44.2,44.41 1 0
github.com/khulnasoft/kengine/v2/internal/filesystems/map.go:50.46,52.31 2 0
github.com/khulnasoft/kengine/v2/internal/filesystems/map.go:52.31,54.3 1 0
github.com/khulnasoft/kengine/v2/internal/filesystems/map.go:54.8,56.3 1 0
github.com/khulnasoft/kengine/v2/internal/filesystems/map.go:60.58,63.9 3 0
github.com/khulnasoft/kengine/v2/internal/filesystems/map.go:63.9,64.32 1 0
github.com/khulnasoft/kengine/v2/internal/filesystems/map.go:64.32,67.4 2 0
github.com/khulnasoft/kengine/v2/internal/filesystems/map.go:68.3,68.17 1 0
github.com/khulnasoft/kengine/v2/internal/filesystems/map.go:70.2,70.24 1 0
github.com/khulnasoft/kengine/v2/internal/filesystems/map.go:74.41,77.2 2 0
github.com/khulnasoft/kengine/v2/internal/filesystems/os.go:18.57,18.81 1 0
github.com/khulnasoft/kengine/v2/internal/filesystems/os.go:19.57,19.81 1 0
github.com/khulnasoft/kengine/v2/internal/filesystems/os.go:20.57,20.90 1 0
github.com/khulnasoft/kengine/v2/internal/filesystems/os.go:21.57,21.84 1 0
github.com/khulnasoft/kengine/v2/internal/filesystems/os.go:22.57,22.85 1 0
github.com/khulnasoft/kengine/v2/internal/metrics/metrics.go:8.33,9.11 1 0
github.com/khulnasoft/kengine/v2/internal/metrics/metrics.go:10.14,11.15 1 0
github.com/khulnasoft/kengine/v2/internal/metrics/metrics.go:12.10,13.25 1 0
github.com/khulnasoft/kengine/v2/internal/metrics/metrics.go:33.38,34.31 1 7
github.com/khulnasoft/kengine/v2/internal/metrics/metrics.go:34.31,36.3 1 5
github.com/khulnasoft/kengine/v2/internal/metrics/metrics.go:38.2,38.16 1 2
